k-points are in crystal coordinates
nk(3) =     4   12   12
dk(3) =   0.000000000  0.000000000  0.000000000

direct lattice vectors
a1 =   1.000000000  0.000000000  0.000000000
a2 =   0.000000000  0.512427000  0.000000000
a3 =  -0.106503000  0.000000000  0.470938000

unit cell volume =  0.241321347E+00

reciprocal lattice vectors
b1 =   6.283185307 -0.000000000  1.420947311
b2 =   0.000000000 12.261620303 -0.000000000
b3 =   0.000000000  0.000000000 13.341852446

symmetries of the Bravais lattice
  4
Space group  10, symbol P2/m                 
r01 =     1   0   0     0   1   0     0   0   1      0.000000    0.000000    0.000000
r02 =     1   0   0     0  -1   0     0   0   1      0.000000    0.000000    0.000000
r03 =    -1   0   0     0   1   0     0   0  -1      0.000000    0.000000    0.000000
r04 =    -1   0   0     0  -1   0     0   0  -1      0.000000    0.000000    0.000000

symmetries of the crystal without FFT grid
  4
Space group  14, symbol P2_1/c               
r01 =     1   0   0     0   1   0     0   0   1      0.000000    0.000000    0.000000
r02 =     1   0   0     0  -1   0     0   0   1      0.000001    3.141591   -3.141591
r03 =    -1   0   0     0   1   0     0   0  -1      0.000000    3.141593   -3.141591
r04 =    -1   0   0     0  -1   0     0   0  -1      0.000000   -0.000001    0.000001

FFT grid:    144    72    72

symmetries of the crystal with FFT grid
  4
Space group  14, symbol P2_1/c               
r01 =     1   0   0     0   1   0     0   0   1      0.000000    0.000000    0.000000
r02 =     1   0   0     0  -1   0     0   0   1      0.000001    3.141591   -3.141591
r03 =    -1   0   0     0   1   0     0   0  -1      0.000000    3.141593   -3.141591
r04 =    -1   0   0     0  -1   0     0   0  -1      0.000000   -0.000001    0.000001

symmetries that reduce the k-points
r02 =     1   0   0     0  -1   0     0   0   1
r03 =    -1   0   0     0   1   0     0   0  -1

k-points in the original uniform grid
    576
      1  0.000000000  0.000000000  0.000000000   1.0       0  ---
      2  0.000000000  0.000000000  0.083333333   2.0       0  ---
      3  0.000000000  0.000000000  0.166666667   2.0       0  ---
      4  0.000000000  0.000000000  0.250000000   2.0       0  ---
      5  0.000000000  0.000000000  0.333333333   2.0       0  ---
      6  0.000000000  0.000000000  0.416666667   2.0       0  ---
      7  0.000000000  0.000000000  0.500000000   1.0       0  ---
      8  0.000000000  0.000000000  0.583333333   0.0       6  r03
      9  0.000000000  0.000000000  0.666666667   0.0       5  r03
     10  0.000000000  0.000000000  0.750000000   0.0       4  r03
     11  0.000000000  0.000000000  0.833333333   0.0       3  r03
     12  0.000000000  0.000000000  0.916666667   0.0       2  r03
     13  0.000000000  0.083333333  0.000000000   2.0       0  ---
     14  0.000000000  0.083333333  0.083333333   4.0       0  ---
     15  0.000000000  0.083333333  0.166666667   4.0       0  ---
     16  0.000000000  0.083333333  0.250000000   4.0       0  ---
     17  0.000000000  0.083333333  0.333333333   4.0       0  ---
     18  0.000000000  0.083333333  0.416666667   4.0       0  ---
     19  0.000000000  0.083333333  0.500000000   2.0       0  ---
     20  0.000000000  0.083333333  0.583333333   0.0      18  r03
     21  0.000000000  0.083333333  0.666666667   0.0      17  r03
     22  0.000000000  0.083333333  0.750000000   0.0      16  r03
     23  0.000000000  0.083333333  0.833333333   0.0      15  r03
     24  0.000000000  0.083333333  0.916666667   0.0      14  r03
     25  0.000000000  0.166666667  0.000000000   2.0       0  ---
     26  0.000000000  0.166666667  0.083333333   4.0       0  ---
     27  0.000000000  0.166666667  0.166666667   4.0       0  ---
     28  0.000000000  0.166666667  0.250000000   4.0       0  ---
     29  0.000000000  0.166666667  0.333333333   4.0       0  ---
     30  0.000000000  0.166666667  0.416666667   4.0       0  ---
     31  0.000000000  0.166666667  0.500000000   2.0       0  ---
     32  0.000000000  0.166666667  0.583333333   0.0      30  r03
     33  0.000000000  0.166666667  0.666666667   0.0      29  r03
     34  0.000000000  0.166666667  0.750000000   0.0      28  r03
     35  0.000000000  0.166666667  0.833333333   0.0      27  r03
     36  0.000000000  0.166666667  0.916666667   0.0      26  r03
     37  0.000000000  0.250000000  0.000000000   2.0       0  ---
     38  0.000000000  0.250000000  0.083333333   4.0       0  ---
     39  0.000000000  0.250000000  0.166666667   4.0       0  ---
     40  0.000000000  0.250000000  0.250000000   4.0       0  ---
     41  0.000000000  0.250000000  0.333333333   4.0       0  ---
     42  0.000000000  0.250000000  0.416666667   4.0       0  ---
     43  0.000000000  0.250000000  0.500000000   2.0       0  ---
     44  0.000000000  0.250000000  0.583333333   0.0      42  r03
     45  0.000000000  0.250000000  0.666666667   0.0      41  r03
     46  0.000000000  0.250000000  0.750000000   0.0      40  r03
     47  0.000000000  0.250000000  0.833333333   0.0      39  r03
     48  0.000000000  0.250000000  0.916666667   0.0      38  r03
     49  0.000000000  0.333333333  0.000000000   2.0       0  ---
     50  0.000000000  0.333333333  0.083333333   4.0       0  ---
     51  0.000000000  0.333333333  0.166666667   4.0       0  ---
     52  0.000000000  0.333333333  0.250000000   4.0       0  ---
     53  0.000000000  0.333333333  0.333333333   4.0       0  ---
     54  0.000000000  0.333333333  0.416666667   4.0       0  ---
     55  0.000000000  0.333333333  0.500000000   2.0       0  ---
     56  0.000000000  0.333333333  0.583333333   0.0      54  r03
     57  0.000000000  0.333333333  0.666666667   0.0      53  r03
     58  0.000000000  0.333333333  0.750000000   0.0      52  r03
     59  0.000000000  0.333333333  0.833333333   0.0      51  r03
     60  0.000000000  0.333333333  0.916666667   0.0      50  r03
     61  0.000000000  0.416666667  0.000000000   2.0       0  ---
     62  0.000000000  0.416666667  0.083333333   4.0       0  ---
     63  0.000000000  0.416666667  0.166666667   4.0       0  ---
     64  0.000000000  0.416666667  0.250000000   4.0       0  ---
     65  0.000000000  0.416666667  0.333333333   4.0       0  ---
     66  0.000000000  0.416666667  0.416666667   4.0       0  ---
     67  0.000000000  0.416666667  0.500000000   2.0       0  ---
     68  0.000000000  0.416666667  0.583333333   0.0      66  r03
     69  0.000000000  0.416666667  0.666666667   0.0      65  r03
     70  0.000000000  0.416666667  0.750000000   0.0      64  r03
     71  0.000000000  0.416666667  0.833333333   0.0      63  r03
     72  0.000000000  0.416666667  0.916666667   0.0      62  r03
     73  0.000000000  0.500000000  0.000000000   1.0       0  ---
     74  0.000000000  0.500000000  0.083333333   2.0       0  ---
     75  0.000000000  0.500000000  0.166666667   2.0       0  ---
     76  0.000000000  0.500000000  0.250000000   2.0       0  ---
     77  0.000000000  0.500000000  0.333333333   2.0       0  ---
     78  0.000000000  0.500000000  0.416666667   2.0       0  ---
     79  0.000000000  0.500000000  0.500000000   1.0       0  ---
     80  0.000000000  0.500000000  0.583333333   0.0      78  r03
     81  0.000000000  0.500000000  0.666666667   0.0      77  r03
     82  0.000000000  0.500000000  0.750000000   0.0      76  r03
     83  0.000000000  0.500000000  0.833333333   0.0      75  r03
     84  0.000000000  0.500000000  0.916666667   0.0      74  r03
     85  0.000000000  0.583333333  0.000000000   0.0      61  r02
     86  0.000000000  0.583333333  0.083333333   0.0      62  r02
     87  0.000000000  0.583333333  0.166666667   0.0      63  r02
     88  0.000000000  0.583333333  0.250000000   0.0      64  r02
     89  0.000000000  0.583333333  0.333333333   0.0      65  r02
     90  0.000000000  0.583333333  0.416666667   0.0      66  r02
     91  0.000000000  0.583333333  0.500000000   0.0      67  r02
     92  0.000000000  0.583333333  0.583333333   0.0      66  r02
     93  0.000000000  0.583333333  0.666666667   0.0      65  r02
     94  0.000000000  0.583333333  0.750000000   0.0      64  r02
     95  0.000000000  0.583333333  0.833333333   0.0      63  r02
     96  0.000000000  0.583333333  0.916666667   0.0      62  r02
     97  0.000000000  0.666666667  0.000000000   0.0      49  r02
     98  0.000000000  0.666666667  0.083333333   0.0      50  r02
     99  0.000000000  0.666666667  0.166666667   0.0      51  r02
    100  0.000000000  0.666666667  0.250000000   0.0      52  r02
    101  0.000000000  0.666666667  0.333333333   0.0      53  r02
    102  0.000000000  0.666666667  0.416666667   0.0      54  r02
    103  0.000000000  0.666666667  0.500000000   0.0      55  r02
    104  0.000000000  0.666666667  0.583333333   0.0      54  r02
    105  0.000000000  0.666666667  0.666666667   0.0      53  r02
    106  0.000000000  0.666666667  0.750000000   0.0      52  r02
    107  0.000000000  0.666666667  0.833333333   0.0      51  r02
    108  0.000000000  0.666666667  0.916666667   0.0      50  r02
    109  0.000000000  0.750000000  0.000000000   0.0      37  r02
    110  0.000000000  0.750000000  0.083333333   0.0      38  r02
    111  0.000000000  0.750000000  0.166666667   0.0      39  r02
    112  0.000000000  0.750000000  0.250000000   0.0      40  r02
    113  0.000000000  0.750000000  0.333333333   0.0      41  r02
    114  0.000000000  0.750000000  0.416666667   0.0      42  r02
    115  0.000000000  0.750000000  0.500000000   0.0      43  r02
    116  0.000000000  0.750000000  0.583333333   0.0      42  r02
    117  0.000000000  0.750000000  0.666666667   0.0      41  r02
    118  0.000000000  0.750000000  0.750000000   0.0      40  r02
    119  0.000000000  0.750000000  0.833333333   0.0      39  r02
    120  0.000000000  0.750000000  0.916666667   0.0      38  r02
    121  0.000000000  0.833333333  0.000000000   0.0      25  r02
    122  0.000000000  0.833333333  0.083333333   0.0      26  r02
    123  0.000000000  0.833333333  0.166666667   0.0      27  r02
    124  0.000000000  0.833333333  0.250000000   0.0      28  r02
    125  0.000000000  0.833333333  0.333333333   0.0      29  r02
    126  0.000000000  0.833333333  0.416666667   0.0      30  r02
    127  0.000000000  0.833333333  0.500000000   0.0      31  r02
    128  0.000000000  0.833333333  0.583333333   0.0      30  r02
    129  0.000000000  0.833333333  0.666666667   0.0      29  r02
    130  0.000000000  0.833333333  0.750000000   0.0      28  r02
    131  0.000000000  0.833333333  0.833333333   0.0      27  r02
    132  0.000000000  0.833333333  0.916666667   0.0      26  r02
    133  0.000000000  0.916666667  0.000000000   0.0      13  r02
    134  0.000000000  0.916666667  0.083333333   0.0      14  r02
    135  0.000000000  0.916666667  0.166666667   0.0      15  r02
    136  0.000000000  0.916666667  0.250000000   0.0      16  r02
    137  0.000000000  0.916666667  0.333333333   0.0      17  r02
    138  0.000000000  0.916666667  0.416666667   0.0      18  r02
    139  0.000000000  0.916666667  0.500000000   0.0      19  r02
    140  0.000000000  0.916666667  0.583333333   0.0      18  r02
    141  0.000000000  0.916666667  0.666666667   0.0      17  r02
    142  0.000000000  0.916666667  0.750000000   0.0      16  r02
    143  0.000000000  0.916666667  0.833333333   0.0      15  r02
    144  0.000000000  0.916666667  0.916666667   0.0      14  r02
    145  0.250000000  0.000000000  0.000000000   2.0       0  ---
    146  0.250000000  0.000000000  0.083333333   2.0       0  ---
    147  0.250000000  0.000000000  0.166666667   2.0       0  ---
    148  0.250000000  0.000000000  0.250000000   2.0       0  ---
    149  0.250000000  0.000000000  0.333333333   2.0       0  ---
    150  0.250000000  0.000000000  0.416666667   2.0       0  ---
    151  0.250000000  0.000000000  0.500000000   2.0       0  ---
    152  0.250000000  0.000000000  0.583333333   2.0       0  ---
    153  0.250000000  0.000000000  0.666666667   2.0       0  ---
    154  0.250000000  0.000000000  0.750000000   2.0       0  ---
    155  0.250000000  0.000000000  0.833333333   2.0       0  ---
    156  0.250000000  0.000000000  0.916666667   2.0       0  ---
    157  0.250000000  0.083333333  0.000000000   4.0       0  ---
    158  0.250000000  0.083333333  0.083333333   4.0       0  ---
    159  0.250000000  0.083333333  0.166666667   4.0       0  ---
    160  0.250000000  0.083333333  0.250000000   4.0       0  ---
    161  0.250000000  0.083333333  0.333333333   4.0       0  ---
    162  0.250000000  0.083333333  0.416666667   4.0       0  ---
    163  0.250000000  0.083333333  0.500000000   4.0       0  ---
    164  0.250000000  0.083333333  0.583333333   4.0       0  ---
    165  0.250000000  0.083333333  0.666666667   4.0       0  ---
    166  0.250000000  0.083333333  0.750000000   4.0       0  ---
    167  0.250000000  0.083333333  0.833333333   4.0       0  ---
    168  0.250000000  0.083333333  0.916666667   4.0       0  ---
    169  0.250000000  0.166666667  0.000000000   4.0       0  ---
    170  0.250000000  0.166666667  0.083333333   4.0       0  ---
    171  0.250000000  0.166666667  0.166666667   4.0       0  ---
    172  0.250000000  0.166666667  0.250000000   4.0       0  ---
    173  0.250000000  0.166666667  0.333333333   4.0       0  ---
    174  0.250000000  0.166666667  0.416666667   4.0       0  ---
    175  0.250000000  0.166666667  0.500000000   4.0       0  ---
    176  0.250000000  0.166666667  0.583333333   4.0       0  ---
    177  0.250000000  0.166666667  0.666666667   4.0       0  ---
    178  0.250000000  0.166666667  0.750000000   4.0       0  ---
    179  0.250000000  0.166666667  0.833333333   4.0       0  ---
    180  0.250000000  0.166666667  0.916666667   4.0       0  ---
    181  0.250000000  0.250000000  0.000000000   4.0       0  ---
    182  0.250000000  0.250000000  0.083333333   4.0       0  ---
    183  0.250000000  0.250000000  0.166666667   4.0       0  ---
    184  0.250000000  0.250000000  0.250000000   4.0       0  ---
    185  0.250000000  0.250000000  0.333333333   4.0       0  ---
    186  0.250000000  0.250000000  0.416666667   4.0       0  ---
    187  0.250000000  0.250000000  0.500000000   4.0       0  ---
    188  0.250000000  0.250000000  0.583333333   4.0       0  ---
    189  0.250000000  0.250000000  0.666666667   4.0       0  ---
    190  0.250000000  0.250000000  0.750000000   4.0       0  ---
    191  0.250000000  0.250000000  0.833333333   4.0       0  ---
    192  0.250000000  0.250000000  0.916666667   4.0       0  ---
    193  0.250000000  0.333333333  0.000000000   4.0       0  ---
    194  0.250000000  0.333333333  0.083333333   4.0       0  ---
    195  0.250000000  0.333333333  0.166666667   4.0       0  ---
    196  0.250000000  0.333333333  0.250000000   4.0       0  ---
    197  0.250000000  0.333333333  0.333333333   4.0       0  ---
    198  0.250000000  0.333333333  0.416666667   4.0       0  ---
    199  0.250000000  0.333333333  0.500000000   4.0       0  ---
    200  0.250000000  0.333333333  0.583333333   4.0       0  ---
    201  0.250000000  0.333333333  0.666666667   4.0       0  ---
    202  0.250000000  0.333333333  0.750000000   4.0       0  ---
    203  0.250000000  0.333333333  0.833333333   4.0       0  ---
    204  0.250000000  0.333333333  0.916666667   4.0       0  ---
    205  0.250000000  0.416666667  0.000000000   4.0       0  ---
    206  0.250000000  0.416666667  0.083333333   4.0       0  ---
    207  0.250000000  0.416666667  0.166666667   4.0       0  ---
    208  0.250000000  0.416666667  0.250000000   4.0       0  ---
    209  0.250000000  0.416666667  0.333333333   4.0       0  ---
    210  0.250000000  0.416666667  0.416666667   4.0       0  ---
    211  0.250000000  0.416666667  0.500000000   4.0       0  ---
    212  0.250000000  0.416666667  0.583333333   4.0       0  ---
    213  0.250000000  0.416666667  0.666666667   4.0       0  ---
    214  0.250000000  0.416666667  0.750000000   4.0       0  ---
    215  0.250000000  0.416666667  0.833333333   4.0       0  ---
    216  0.250000000  0.416666667  0.916666667   4.0       0  ---
    217  0.250000000  0.500000000  0.000000000   2.0       0  ---
    218  0.250000000  0.500000000  0.083333333   2.0       0  ---
    219  0.250000000  0.500000000  0.166666667   2.0       0  ---
    220  0.250000000  0.500000000  0.250000000   2.0       0  ---
    221  0.250000000  0.500000000  0.333333333   2.0       0  ---
    222  0.250000000  0.500000000  0.416666667   2.0       0  ---
    223  0.250000000  0.500000000  0.500000000   2.0       0  ---
    224  0.250000000  0.500000000  0.583333333   2.0       0  ---
    225  0.250000000  0.500000000  0.666666667   2.0       0  ---
    226  0.250000000  0.500000000  0.750000000   2.0       0  ---
    227  0.250000000  0.500000000  0.833333333   2.0       0  ---
    228  0.250000000  0.500000000  0.916666667   2.0       0  ---
    229  0.250000000  0.583333333  0.000000000   0.0     205  r02
    230  0.250000000  0.583333333  0.083333333   0.0     206  r02
    231  0.250000000  0.583333333  0.166666667   0.0     207  r02
    232  0.250000000  0.583333333  0.250000000   0.0     208  r02
    233  0.250000000  0.583333333  0.333333333   0.0     209  r02
    234  0.250000000  0.583333333  0.416666667   0.0     210  r02
    235  0.250000000  0.583333333  0.500000000   0.0     211  r02
    236  0.250000000  0.583333333  0.583333333   0.0     212  r02
    237  0.250000000  0.583333333  0.666666667   0.0     213  r02
    238  0.250000000  0.583333333  0.750000000   0.0     214  r02
    239  0.250000000  0.583333333  0.833333333   0.0     215  r02
    240  0.250000000  0.583333333  0.916666667   0.0     216  r02
    241  0.250000000  0.666666667  0.000000000   0.0     193  r02
    242  0.250000000  0.666666667  0.083333333   0.0     194  r02
    243  0.250000000  0.666666667  0.166666667   0.0     195  r02
    244  0.250000000  0.666666667  0.250000000   0.0     196  r02
    245  0.250000000  0.666666667  0.333333333   0.0     197  r02
    246  0.250000000  0.666666667  0.416666667   0.0     198  r02
    247  0.250000000  0.666666667  0.500000000   0.0     199  r02
    248  0.250000000  0.666666667  0.583333333   0.0     200  r02
    249  0.250000000  0.666666667  0.666666667   0.0     201  r02
    250  0.250000000  0.666666667  0.750000000   0.0     202  r02
    251  0.250000000  0.666666667  0.833333333   0.0     203  r02
    252  0.250000000  0.666666667  0.916666667   0.0     204  r02
    253  0.250000000  0.750000000  0.000000000   0.0     181  r02
    254  0.250000000  0.750000000  0.083333333   0.0     182  r02
    255  0.250000000  0.750000000  0.166666667   0.0     183  r02
    256  0.250000000  0.750000000  0.250000000   0.0     184  r02
    257  0.250000000  0.750000000  0.333333333   0.0     185  r02
    258  0.250000000  0.750000000  0.416666667   0.0     186  r02
    259  0.250000000  0.750000000  0.500000000   0.0     187  r02
    260  0.250000000  0.750000000  0.583333333   0.0     188  r02
    261  0.250000000  0.750000000  0.666666667   0.0     189  r02
    262  0.250000000  0.750000000  0.750000000   0.0     190  r02
    263  0.250000000  0.750000000  0.833333333   0.0     191  r02
    264  0.250000000  0.750000000  0.916666667   0.0     192  r02
    265  0.250000000  0.833333333  0.000000000   0.0     169  r02
    266  0.250000000  0.833333333  0.083333333   0.0     170  r02
    267  0.250000000  0.833333333  0.166666667   0.0     171  r02
    268  0.250000000  0.833333333  0.250000000   0.0     172  r02
    269  0.250000000  0.833333333  0.333333333   0.0     173  r02
    270  0.250000000  0.833333333  0.416666667   0.0     174  r02
    271  0.250000000  0.833333333  0.500000000   0.0     175  r02
    272  0.250000000  0.833333333  0.583333333   0.0     176  r02
    273  0.250000000  0.833333333  0.666666667   0.0     177  r02
    274  0.250000000  0.833333333  0.750000000   0.0     178  r02
    275  0.250000000  0.833333333  0.833333333   0.0     179  r02
    276  0.250000000  0.833333333  0.916666667   0.0     180  r02
    277  0.250000000  0.916666667  0.000000000   0.0     157  r02
    278  0.250000000  0.916666667  0.083333333   0.0     158  r02
    279  0.250000000  0.916666667  0.166666667   0.0     159  r02
    280  0.250000000  0.916666667  0.250000000   0.0     160  r02
    281  0.250000000  0.916666667  0.333333333   0.0     161  r02
    282  0.250000000  0.916666667  0.416666667   0.0     162  r02
    283  0.250000000  0.916666667  0.500000000   0.0     163  r02
    284  0.250000000  0.916666667  0.583333333   0.0     164  r02
    285  0.250000000  0.916666667  0.666666667   0.0     165  r02
    286  0.250000000  0.916666667  0.750000000   0.0     166  r02
    287  0.250000000  0.916666667  0.833333333   0.0     167  r02
    288  0.250000000  0.916666667  0.916666667   0.0     168  r02
    289  0.500000000  0.000000000  0.000000000   1.0       0  ---
    290  0.500000000  0.000000000  0.083333333   2.0       0  ---
    291  0.500000000  0.000000000  0.166666667   2.0       0  ---
    292  0.500000000  0.000000000  0.250000000   2.0       0  ---
    293  0.500000000  0.000000000  0.333333333   2.0       0  ---
    294  0.500000000  0.000000000  0.416666667   2.0       0  ---
    295  0.500000000  0.000000000  0.500000000   1.0       0  ---
    296  0.500000000  0.000000000  0.583333333   0.0     294  r03
    297  0.500000000  0.000000000  0.666666667   0.0     293  r03
    298  0.500000000  0.000000000  0.750000000   0.0     292  r03
    299  0.500000000  0.000000000  0.833333333   0.0     291  r03
    300  0.500000000  0.000000000  0.916666667   0.0     290  r03
    301  0.500000000  0.083333333  0.000000000   2.0       0  ---
    302  0.500000000  0.083333333  0.083333333   4.0       0  ---
    303  0.500000000  0.083333333  0.166666667   4.0       0  ---
    304  0.500000000  0.083333333  0.250000000   4.0       0  ---
    305  0.500000000  0.083333333  0.333333333   4.0       0  ---
    306  0.500000000  0.083333333  0.416666667   4.0       0  ---
    307  0.500000000  0.083333333  0.500000000   2.0       0  ---
    308  0.500000000  0.083333333  0.583333333   0.0     306  r03
    309  0.500000000  0.083333333  0.666666667   0.0     305  r03
    310  0.500000000  0.083333333  0.750000000   0.0     304  r03
    311  0.500000000  0.083333333  0.833333333   0.0     303  r03
    312  0.500000000  0.083333333  0.916666667   0.0     302  r03
    313  0.500000000  0.166666667  0.000000000   2.0       0  ---
    314  0.500000000  0.166666667  0.083333333   4.0       0  ---
    315  0.500000000  0.166666667  0.166666667   4.0       0  ---
    316  0.500000000  0.166666667  0.250000000   4.0       0  ---
    317  0.500000000  0.166666667  0.333333333   4.0       0  ---
    318  0.500000000  0.166666667  0.416666667   4.0       0  ---
    319  0.500000000  0.166666667  0.500000000   2.0       0  ---
    320  0.500000000  0.166666667  0.583333333   0.0     318  r03
    321  0.500000000  0.166666667  0.666666667   0.0     317  r03
    322  0.500000000  0.166666667  0.750000000   0.0     316  r03
    323  0.500000000  0.166666667  0.833333333   0.0     315  r03
    324  0.500000000  0.166666667  0.916666667   0.0     314  r03
    325  0.500000000  0.250000000  0.000000000   2.0       0  ---
    326  0.500000000  0.250000000  0.083333333   4.0       0  ---
    327  0.500000000  0.250000000  0.166666667   4.0       0  ---
    328  0.500000000  0.250000000  0.250000000   4.0       0  ---
    329  0.500000000  0.250000000  0.333333333   4.0       0  ---
    330  0.500000000  0.250000000  0.416666667   4.0       0  ---
    331  0.500000000  0.250000000  0.500000000   2.0       0  ---
    332  0.500000000  0.250000000  0.583333333   0.0     330  r03
    333  0.500000000  0.250000000  0.666666667   0.0     329  r03
    334  0.500000000  0.250000000  0.750000000   0.0     328  r03
    335  0.500000000  0.250000000  0.833333333   0.0     327  r03
    336  0.500000000  0.250000000  0.916666667   0.0     326  r03
    337  0.500000000  0.333333333  0.000000000   2.0       0  ---
    338  0.500000000  0.333333333  0.083333333   4.0       0  ---
    339  0.500000000  0.333333333  0.166666667   4.0       0  ---
    340  0.500000000  0.333333333  0.250000000   4.0       0  ---
    341  0.500000000  0.333333333  0.333333333   4.0       0  ---
    342  0.500000000  0.333333333  0.416666667   4.0       0  ---
    343  0.500000000  0.333333333  0.500000000   2.0       0  ---
    344  0.500000000  0.333333333  0.583333333   0.0     342  r03
    345  0.500000000  0.333333333  0.666666667   0.0     341  r03
    346  0.500000000  0.333333333  0.750000000   0.0     340  r03
    347  0.500000000  0.333333333  0.833333333   0.0     339  r03
    348  0.500000000  0.333333333  0.916666667   0.0     338  r03
    349  0.500000000  0.416666667  0.000000000   2.0       0  ---
    350  0.500000000  0.416666667  0.083333333   4.0       0  ---
    351  0.500000000  0.416666667  0.166666667   4.0       0  ---
    352  0.500000000  0.416666667  0.250000000   4.0       0  ---
    353  0.500000000  0.416666667  0.333333333   4.0       0  ---
    354  0.500000000  0.416666667  0.416666667   4.0       0  ---
    355  0.500000000  0.416666667  0.500000000   2.0       0  ---
    356  0.500000000  0.416666667  0.583333333   0.0     354  r03
    357  0.500000000  0.416666667  0.666666667   0.0     353  r03
    358  0.500000000  0.416666667  0.750000000   0.0     352  r03
    359  0.500000000  0.416666667  0.833333333   0.0     351  r03
    360  0.500000000  0.416666667  0.916666667   0.0     350  r03
    361  0.500000000  0.500000000  0.000000000   1.0       0  ---
    362  0.500000000  0.500000000  0.083333333   2.0       0  ---
    363  0.500000000  0.500000000  0.166666667   2.0       0  ---
    364  0.500000000  0.500000000  0.250000000   2.0       0  ---
    365  0.500000000  0.500000000  0.333333333   2.0       0  ---
    366  0.500000000  0.500000000  0.416666667   2.0       0  ---
    367  0.500000000  0.500000000  0.500000000   1.0       0  ---
    368  0.500000000  0.500000000  0.583333333   0.0     366  r03
    369  0.500000000  0.500000000  0.666666667   0.0     365  r03
    370  0.500000000  0.500000000  0.750000000   0.0     364  r03
    371  0.500000000  0.500000000  0.833333333   0.0     363  r03
    372  0.500000000  0.500000000  0.916666667   0.0     362  r03
    373  0.500000000  0.583333333  0.000000000   0.0     349  r02
    374  0.500000000  0.583333333  0.083333333   0.0     350  r02
    375  0.500000000  0.583333333  0.166666667   0.0     351  r02
    376  0.500000000  0.583333333  0.250000000   0.0     352  r02
    377  0.500000000  0.583333333  0.333333333   0.0     353  r02
    378  0.500000000  0.583333333  0.416666667   0.0     354  r02
    379  0.500000000  0.583333333  0.500000000   0.0     355  r02
    380  0.500000000  0.583333333  0.583333333   0.0     354  r02
    381  0.500000000  0.583333333  0.666666667   0.0     353  r02
    382  0.500000000  0.583333333  0.750000000   0.0     352  r02
    383  0.500000000  0.583333333  0.833333333   0.0     351  r02
    384  0.500000000  0.583333333  0.916666667   0.0     350  r02
    385  0.500000000  0.666666667  0.000000000   0.0     337  r02
    386  0.500000000  0.666666667  0.083333333   0.0     338  r02
    387  0.500000000  0.666666667  0.166666667   0.0     339  r02
    388  0.500000000  0.666666667  0.250000000   0.0     340  r02
    389  0.500000000  0.666666667  0.333333333   0.0     341  r02
    390  0.500000000  0.666666667  0.416666667   0.0     342  r02
    391  0.500000000  0.666666667  0.500000000   0.0     343  r02
    392  0.500000000  0.666666667  0.583333333   0.0     342  r02
    393  0.500000000  0.666666667  0.666666667   0.0     341  r02
    394  0.500000000  0.666666667  0.750000000   0.0     340  r02
    395  0.500000000  0.666666667  0.833333333   0.0     339  r02
    396  0.500000000  0.666666667  0.916666667   0.0     338  r02
    397  0.500000000  0.750000000  0.000000000   0.0     325  r02
    398  0.500000000  0.750000000  0.083333333   0.0     326  r02
    399  0.500000000  0.750000000  0.166666667   0.0     327  r02
    400  0.500000000  0.750000000  0.250000000   0.0     328  r02
    401  0.500000000  0.750000000  0.333333333   0.0     329  r02
    402  0.500000000  0.750000000  0.416666667   0.0     330  r02
    403  0.500000000  0.750000000  0.500000000   0.0     331  r02
    404  0.500000000  0.750000000  0.583333333   0.0     330  r02
    405  0.500000000  0.750000000  0.666666667   0.0     329  r02
    406  0.500000000  0.750000000  0.750000000   0.0     328  r02
    407  0.500000000  0.750000000  0.833333333   0.0     327  r02
    408  0.500000000  0.750000000  0.916666667   0.0     326  r02
    409  0.500000000  0.833333333  0.000000000   0.0     313  r02
    410  0.500000000  0.833333333  0.083333333   0.0     314  r02
    411  0.500000000  0.833333333  0.166666667   0.0     315  r02
    412  0.500000000  0.833333333  0.250000000   0.0     316  r02
    413  0.500000000  0.833333333  0.333333333   0.0     317  r02
    414  0.500000000  0.833333333  0.416666667   0.0     318  r02
    415  0.500000000  0.833333333  0.500000000   0.0     319  r02
    416  0.500000000  0.833333333  0.583333333   0.0     318  r02
    417  0.500000000  0.833333333  0.666666667   0.0     317  r02
    418  0.500000000  0.833333333  0.750000000   0.0     316  r02
    419  0.500000000  0.833333333  0.833333333   0.0     315  r02
    420  0.500000000  0.833333333  0.916666667   0.0     314  r02
    421  0.500000000  0.916666667  0.000000000   0.0     301  r02
    422  0.500000000  0.916666667  0.083333333   0.0     302  r02
    423  0.500000000  0.916666667  0.166666667   0.0     303  r02
    424  0.500000000  0.916666667  0.250000000   0.0     304  r02
    425  0.500000000  0.916666667  0.333333333   0.0     305  r02
    426  0.500000000  0.916666667  0.416666667   0.0     306  r02
    427  0.500000000  0.916666667  0.500000000   0.0     307  r02
    428  0.500000000  0.916666667  0.583333333   0.0     306  r02
    429  0.500000000  0.916666667  0.666666667   0.0     305  r02
    430  0.500000000  0.916666667  0.750000000   0.0     304  r02
    431  0.500000000  0.916666667  0.833333333   0.0     303  r02
    432  0.500000000  0.916666667  0.916666667   0.0     302  r02
    433  0.750000000  0.000000000  0.000000000   0.0     145  r03
    434  0.750000000  0.000000000  0.083333333   0.0     156  r03
    435  0.750000000  0.000000000  0.166666667   0.0     155  r03
    436  0.750000000  0.000000000  0.250000000   0.0     154  r03
    437  0.750000000  0.000000000  0.333333333   0.0     153  r03
    438  0.750000000  0.000000000  0.416666667   0.0     152  r03
    439  0.750000000  0.000000000  0.500000000   0.0     151  r03
    440  0.750000000  0.000000000  0.583333333   0.0     150  r03
    441  0.750000000  0.000000000  0.666666667   0.0     149  r03
    442  0.750000000  0.000000000  0.750000000   0.0     148  r03
    443  0.750000000  0.000000000  0.833333333   0.0     147  r03
    444  0.750000000  0.000000000  0.916666667   0.0     146  r03
    445  0.750000000  0.083333333  0.000000000   0.0     157  r03
    446  0.750000000  0.083333333  0.083333333   0.0     168  r03
    447  0.750000000  0.083333333  0.166666667   0.0     167  r03
    448  0.750000000  0.083333333  0.250000000   0.0     166  r03
    449  0.750000000  0.083333333  0.333333333   0.0     165  r03
    450  0.750000000  0.083333333  0.416666667   0.0     164  r03
    451  0.750000000  0.083333333  0.500000000   0.0     163  r03
    452  0.750000000  0.083333333  0.583333333   0.0     162  r03
    453  0.750000000  0.083333333  0.666666667   0.0     161  r03
    454  0.750000000  0.083333333  0.750000000   0.0     160  r03
    455  0.750000000  0.083333333  0.833333333   0.0     159  r03
    456  0.750000000  0.083333333  0.916666667   0.0     158  r03
    457  0.750000000  0.166666667  0.000000000   0.0     169  r03
    458  0.750000000  0.166666667  0.083333333   0.0     180  r03
    459  0.750000000  0.166666667  0.166666667   0.0     179  r03
    460  0.750000000  0.166666667  0.250000000   0.0     178  r03
    461  0.750000000  0.166666667  0.333333333   0.0     177  r03
    462  0.750000000  0.166666667  0.416666667   0.0     176  r03
    463  0.750000000  0.166666667  0.500000000   0.0     175  r03
    464  0.750000000  0.166666667  0.583333333   0.0     174  r03
    465  0.750000000  0.166666667  0.666666667   0.0     173  r03
    466  0.750000000  0.166666667  0.750000000   0.0     172  r03
    467  0.750000000  0.166666667  0.833333333   0.0     171  r03
    468  0.750000000  0.166666667  0.916666667   0.0     170  r03
    469  0.750000000  0.250000000  0.000000000   0.0     181  r03
    470  0.750000000  0.250000000  0.083333333   0.0     192  r03
    471  0.750000000  0.250000000  0.166666667   0.0     191  r03
    472  0.750000000  0.250000000  0.250000000   0.0     190  r03
    473  0.750000000  0.250000000  0.333333333   0.0     189  r03
    474  0.750000000  0.250000000  0.416666667   0.0     188  r03
    475  0.750000000  0.250000000  0.500000000   0.0     187  r03
    476  0.750000000  0.250000000  0.583333333   0.0     186  r03
    477  0.750000000  0.250000000  0.666666667   0.0     185  r03
    478  0.750000000  0.250000000  0.750000000   0.0     184  r03
    479  0.750000000  0.250000000  0.833333333   0.0     183  r03
    480  0.750000000  0.250000000  0.916666667   0.0     182  r03
    481  0.750000000  0.333333333  0.000000000   0.0     193  r03
    482  0.750000000  0.333333333  0.083333333   0.0     204  r03
    483  0.750000000  0.333333333  0.166666667   0.0     203  r03
    484  0.750000000  0.333333333  0.250000000   0.0     202  r03
    485  0.750000000  0.333333333  0.333333333   0.0     201  r03
    486  0.750000000  0.333333333  0.416666667   0.0     200  r03
    487  0.750000000  0.333333333  0.500000000   0.0     199  r03
    488  0.750000000  0.333333333  0.583333333   0.0     198  r03
    489  0.750000000  0.333333333  0.666666667   0.0     197  r03
    490  0.750000000  0.333333333  0.750000000   0.0     196  r03
    491  0.750000000  0.333333333  0.833333333   0.0     195  r03
    492  0.750000000  0.333333333  0.916666667   0.0     194  r03
    493  0.750000000  0.416666667  0.000000000   0.0     205  r03
    494  0.750000000  0.416666667  0.083333333   0.0     216  r03
    495  0.750000000  0.416666667  0.166666667   0.0     215  r03
    496  0.750000000  0.416666667  0.250000000   0.0     214  r03
    497  0.750000000  0.416666667  0.333333333   0.0     213  r03
    498  0.750000000  0.416666667  0.416666667   0.0     212  r03
    499  0.750000000  0.416666667  0.500000000   0.0     211  r03
    500  0.750000000  0.416666667  0.583333333   0.0     210  r03
    501  0.750000000  0.416666667  0.666666667   0.0     209  r03
    502  0.750000000  0.416666667  0.750000000   0.0     208  r03
    503  0.750000000  0.416666667  0.833333333   0.0     207  r03
    504  0.750000000  0.416666667  0.916666667   0.0     206  r03
    505  0.750000000  0.500000000  0.000000000   0.0     217  r03
    506  0.750000000  0.500000000  0.083333333   0.0     228  r03
    507  0.750000000  0.500000000  0.166666667   0.0     227  r03
    508  0.750000000  0.500000000  0.250000000   0.0     226  r03
    509  0.750000000  0.500000000  0.333333333   0.0     225  r03
    510  0.750000000  0.500000000  0.416666667   0.0     224  r03
    511  0.750000000  0.500000000  0.500000000   0.0     223  r03
    512  0.750000000  0.500000000  0.583333333   0.0     222  r03
    513  0.750000000  0.500000000  0.666666667   0.0     221  r03
    514  0.750000000  0.500000000  0.750000000   0.0     220  r03
    515  0.750000000  0.500000000  0.833333333   0.0     219  r03
    516  0.750000000  0.500000000  0.916666667   0.0     218  r03
    517  0.750000000  0.583333333  0.000000000   0.0     205  r02
    518  0.750000000  0.583333333  0.083333333   0.0     216  r02
    519  0.750000000  0.583333333  0.166666667   0.0     215  r02
    520  0.750000000  0.583333333  0.250000000   0.0     214  r02
    521  0.750000000  0.583333333  0.333333333   0.0     213  r02
    522  0.750000000  0.583333333  0.416666667   0.0     212  r02
    523  0.750000000  0.583333333  0.500000000   0.0     211  r02
    524  0.750000000  0.583333333  0.583333333   0.0     210  r02
    525  0.750000000  0.583333333  0.666666667   0.0     209  r02
    526  0.750000000  0.583333333  0.750000000   0.0     208  r02
    527  0.750000000  0.583333333  0.833333333   0.0     207  r02
    528  0.750000000  0.583333333  0.916666667   0.0     206  r02
    529  0.750000000  0.666666667  0.000000000   0.0     193  r02
    530  0.750000000  0.666666667  0.083333333   0.0     204  r02
    531  0.750000000  0.666666667  0.166666667   0.0     203  r02
    532  0.750000000  0.666666667  0.250000000   0.0     202  r02
    533  0.750000000  0.666666667  0.333333333   0.0     201  r02
    534  0.750000000  0.666666667  0.416666667   0.0     200  r02
    535  0.750000000  0.666666667  0.500000000   0.0     199  r02
    536  0.750000000  0.666666667  0.583333333   0.0     198  r02
    537  0.750000000  0.666666667  0.666666667   0.0     197  r02
    538  0.750000000  0.666666667  0.750000000   0.0     196  r02
    539  0.750000000  0.666666667  0.833333333   0.0     195  r02
    540  0.750000000  0.666666667  0.916666667   0.0     194  r02
    541  0.750000000  0.750000000  0.000000000   0.0     181  r02
    542  0.750000000  0.750000000  0.083333333   0.0     192  r02
    543  0.750000000  0.750000000  0.166666667   0.0     191  r02
    544  0.750000000  0.750000000  0.250000000   0.0     190  r02
    545  0.750000000  0.750000000  0.333333333   0.0     189  r02
    546  0.750000000  0.750000000  0.416666667   0.0     188  r02
    547  0.750000000  0.750000000  0.500000000   0.0     187  r02
    548  0.750000000  0.750000000  0.583333333   0.0     186  r02
    549  0.750000000  0.750000000  0.666666667   0.0     185  r02
    550  0.750000000  0.750000000  0.750000000   0.0     184  r02
    551  0.750000000  0.750000000  0.833333333   0.0     183  r02
    552  0.750000000  0.750000000  0.916666667   0.0     182  r02
    553  0.750000000  0.833333333  0.000000000   0.0     169  r02
    554  0.750000000  0.833333333  0.083333333   0.0     180  r02
    555  0.750000000  0.833333333  0.166666667   0.0     179  r02
    556  0.750000000  0.833333333  0.250000000   0.0     178  r02
    557  0.750000000  0.833333333  0.333333333   0.0     177  r02
    558  0.750000000  0.833333333  0.416666667   0.0     176  r02
    559  0.750000000  0.833333333  0.500000000   0.0     175  r02
    560  0.750000000  0.833333333  0.583333333   0.0     174  r02
    561  0.750000000  0.833333333  0.666666667   0.0     173  r02
    562  0.750000000  0.833333333  0.750000000   0.0     172  r02
    563  0.750000000  0.833333333  0.833333333   0.0     171  r02
    564  0.750000000  0.833333333  0.916666667   0.0     170  r02
    565  0.750000000  0.916666667  0.000000000   0.0     157  r02
    566  0.750000000  0.916666667  0.083333333   0.0     168  r02
    567  0.750000000  0.916666667  0.166666667   0.0     167  r02
    568  0.750000000  0.916666667  0.250000000   0.0     166  r02
    569  0.750000000  0.916666667  0.333333333   0.0     165  r02
    570  0.750000000  0.916666667  0.416666667   0.0     164  r02
    571  0.750000000  0.916666667  0.500000000   0.0     163  r02
    572  0.750000000  0.916666667  0.583333333   0.0     162  r02
    573  0.750000000  0.916666667  0.666666667   0.0     161  r02
    574  0.750000000  0.916666667  0.750000000   0.0     160  r02
    575  0.750000000  0.916666667  0.833333333   0.0     159  r02
    576  0.750000000  0.916666667  0.916666667   0.0     158  r02

k-points in the irreducible wedge
    182
      1  0.000000000  0.000000000  0.000000000   1.0       1
      2  0.000000000  0.000000000  0.083333333   2.0       2
      3  0.000000000  0.000000000  0.166666667   2.0       3
      4  0.000000000  0.000000000  0.250000000   2.0       4
      5  0.000000000  0.000000000  0.333333333   2.0       5
      6  0.000000000  0.000000000  0.416666667   2.0       6
      7  0.000000000  0.000000000  0.500000000   1.0       7
      8  0.000000000  0.083333333  0.000000000   2.0      13
      9  0.000000000  0.083333333  0.083333333   4.0      14
     10  0.000000000  0.083333333  0.166666667   4.0      15
     11  0.000000000  0.083333333  0.250000000   4.0      16
     12  0.000000000  0.083333333  0.333333333   4.0      17
     13  0.000000000  0.083333333  0.416666667   4.0      18
     14  0.000000000  0.083333333  0.500000000   2.0      19
     15  0.000000000  0.166666667  0.000000000   2.0      25
     16  0.000000000  0.166666667  0.083333333   4.0      26
     17  0.000000000  0.166666667  0.166666667   4.0      27
     18  0.000000000  0.166666667  0.250000000   4.0      28
     19  0.000000000  0.166666667  0.333333333   4.0      29
     20  0.000000000  0.166666667  0.416666667   4.0      30
     21  0.000000000  0.166666667  0.500000000   2.0      31
     22  0.000000000  0.250000000  0.000000000   2.0      37
     23  0.000000000  0.250000000  0.083333333   4.0      38
     24  0.000000000  0.250000000  0.166666667   4.0      39
     25  0.000000000  0.250000000  0.250000000   4.0      40
     26  0.000000000  0.250000000  0.333333333   4.0      41
     27  0.000000000  0.250000000  0.416666667   4.0      42
     28  0.000000000  0.250000000  0.500000000   2.0      43
     29  0.000000000  0.333333333  0.000000000   2.0      49
     30  0.000000000  0.333333333  0.083333333   4.0      50
     31  0.000000000  0.333333333  0.166666667   4.0      51
     32  0.000000000  0.333333333  0.250000000   4.0      52
     33  0.000000000  0.333333333  0.333333333   4.0      53
     34  0.000000000  0.333333333  0.416666667   4.0      54
     35  0.000000000  0.333333333  0.500000000   2.0      55
     36  0.000000000  0.416666667  0.000000000   2.0      61
     37  0.000000000  0.416666667  0.083333333   4.0      62
     38  0.000000000  0.416666667  0.166666667   4.0      63
     39  0.000000000  0.416666667  0.250000000   4.0      64
     40  0.000000000  0.416666667  0.333333333   4.0      65
     41  0.000000000  0.416666667  0.416666667   4.0      66
     42  0.000000000  0.416666667  0.500000000   2.0      67
     43  0.000000000  0.500000000  0.000000000   1.0      73
     44  0.000000000  0.500000000  0.083333333   2.0      74
     45  0.000000000  0.500000000  0.166666667   2.0      75
     46  0.000000000  0.500000000  0.250000000   2.0      76
     47  0.000000000  0.500000000  0.333333333   2.0      77
     48  0.000000000  0.500000000  0.416666667   2.0      78
     49  0.000000000  0.500000000  0.500000000   1.0      79
     50  0.250000000  0.000000000  0.000000000   2.0     145
     51  0.250000000  0.000000000  0.083333333   2.0     146
     52  0.250000000  0.000000000  0.166666667   2.0     147
     53  0.250000000  0.000000000  0.250000000   2.0     148
     54  0.250000000  0.000000000  0.333333333   2.0     149
     55  0.250000000  0.000000000  0.416666667   2.0     150
     56  0.250000000  0.000000000  0.500000000   2.0     151
     57  0.250000000  0.000000000  0.583333333   2.0     152
     58  0.250000000  0.000000000  0.666666667   2.0     153
     59  0.250000000  0.000000000  0.750000000   2.0     154
     60  0.250000000  0.000000000  0.833333333   2.0     155
     61  0.250000000  0.000000000  0.916666667   2.0     156
     62  0.250000000  0.083333333  0.000000000   4.0     157
     63  0.250000000  0.083333333  0.083333333   4.0     158
     64  0.250000000  0.083333333  0.166666667   4.0     159
     65  0.250000000  0.083333333  0.250000000   4.0     160
     66  0.250000000  0.083333333  0.333333333   4.0     161
     67  0.250000000  0.083333333  0.416666667   4.0     162
     68  0.250000000  0.083333333  0.500000000   4.0     163
     69  0.250000000  0.083333333  0.583333333   4.0     164
     70  0.250000000  0.083333333  0.666666667   4.0     165
     71  0.250000000  0.083333333  0.750000000   4.0     166
     72  0.250000000  0.083333333  0.833333333   4.0     167
     73  0.250000000  0.083333333  0.916666667   4.0     168
     74  0.250000000  0.166666667  0.000000000   4.0     169
     75  0.250000000  0.166666667  0.083333333   4.0     170
     76  0.250000000  0.166666667  0.166666667   4.0     171
     77  0.250000000  0.166666667  0.250000000   4.0     172
     78  0.250000000  0.166666667  0.333333333   4.0     173
     79  0.250000000  0.166666667  0.416666667   4.0     174
     80  0.250000000  0.166666667  0.500000000   4.0     175
     81  0.250000000  0.166666667  0.583333333   4.0     176
     82  0.250000000  0.166666667  0.666666667   4.0     177
     83  0.250000000  0.166666667  0.750000000   4.0     178
     84  0.250000000  0.166666667  0.833333333   4.0     179
     85  0.250000000  0.166666667  0.916666667   4.0     180
     86  0.250000000  0.250000000  0.000000000   4.0     181
     87  0.250000000  0.250000000  0.083333333   4.0     182
     88  0.250000000  0.250000000  0.166666667   4.0     183
     89  0.250000000  0.250000000  0.250000000   4.0     184
     90  0.250000000  0.250000000  0.333333333   4.0     185
     91  0.250000000  0.250000000  0.416666667   4.0     186
     92  0.250000000  0.250000000  0.500000000   4.0     187
     93  0.250000000  0.250000000  0.583333333   4.0     188
     94  0.250000000  0.250000000  0.666666667   4.0     189
     95  0.250000000  0.250000000  0.750000000   4.0     190
     96  0.250000000  0.250000000  0.833333333   4.0     191
     97  0.250000000  0.250000000  0.916666667   4.0     192
     98  0.250000000  0.333333333  0.000000000   4.0     193
     99  0.250000000  0.333333333  0.083333333   4.0     194
    100  0.250000000  0.333333333  0.166666667   4.0     195
    101  0.250000000  0.333333333  0.250000000   4.0     196
    102  0.250000000  0.333333333  0.333333333   4.0     197
    103  0.250000000  0.333333333  0.416666667   4.0     198
    104  0.250000000  0.333333333  0.500000000   4.0     199
    105  0.250000000  0.333333333  0.583333333   4.0     200
    106  0.250000000  0.333333333  0.666666667   4.0     201
    107  0.250000000  0.333333333  0.750000000   4.0     202
    108  0.250000000  0.333333333  0.833333333   4.0     203
    109  0.250000000  0.333333333  0.916666667   4.0     204
    110  0.250000000  0.416666667  0.000000000   4.0     205
    111  0.250000000  0.416666667  0.083333333   4.0     206
    112  0.250000000  0.416666667  0.166666667   4.0     207
    113  0.250000000  0.416666667  0.250000000   4.0     208
    114  0.250000000  0.416666667  0.333333333   4.0     209
    115  0.250000000  0.416666667  0.416666667   4.0     210
    116  0.250000000  0.416666667  0.500000000   4.0     211
    117  0.250000000  0.416666667  0.583333333   4.0     212
    118  0.250000000  0.416666667  0.666666667   4.0     213
    119  0.250000000  0.416666667  0.750000000   4.0     214
    120  0.250000000  0.416666667  0.833333333   4.0     215
    121  0.250000000  0.416666667  0.916666667   4.0     216
    122  0.250000000  0.500000000  0.000000000   2.0     217
    123  0.250000000  0.500000000  0.083333333   2.0     218
    124  0.250000000  0.500000000  0.166666667   2.0     219
    125  0.250000000  0.500000000  0.250000000   2.0     220
    126  0.250000000  0.500000000  0.333333333   2.0     221
    127  0.250000000  0.500000000  0.416666667   2.0     222
    128  0.250000000  0.500000000  0.500000000   2.0     223
    129  0.250000000  0.500000000  0.583333333   2.0     224
    130  0.250000000  0.500000000  0.666666667   2.0     225
    131  0.250000000  0.500000000  0.750000000   2.0     226
    132  0.250000000  0.500000000  0.833333333   2.0     227
    133  0.250000000  0.500000000  0.916666667   2.0     228
    134  0.500000000  0.000000000  0.000000000   1.0     289
    135  0.500000000  0.000000000  0.083333333   2.0     290
    136  0.500000000  0.000000000  0.166666667   2.0     291
    137  0.500000000  0.000000000  0.250000000   2.0     292
    138  0.500000000  0.000000000  0.333333333   2.0     293
    139  0.500000000  0.000000000  0.416666667   2.0     294
    140  0.500000000  0.000000000  0.500000000   1.0     295
    141  0.500000000  0.083333333  0.000000000   2.0     301
    142  0.500000000  0.083333333  0.083333333   4.0     302
    143  0.500000000  0.083333333  0.166666667   4.0     303
    144  0.500000000  0.083333333  0.250000000   4.0     304
    145  0.500000000  0.083333333  0.333333333   4.0     305
    146  0.500000000  0.083333333  0.416666667   4.0     306
    147  0.500000000  0.083333333  0.500000000   2.0     307
    148  0.500000000  0.166666667  0.000000000   2.0     313
    149  0.500000000  0.166666667  0.083333333   4.0     314
    150  0.500000000  0.166666667  0.166666667   4.0     315
    151  0.500000000  0.166666667  0.250000000   4.0     316
    152  0.500000000  0.166666667  0.333333333   4.0     317
    153  0.500000000  0.166666667  0.416666667   4.0     318
    154  0.500000000  0.166666667  0.500000000   2.0     319
    155  0.500000000  0.250000000  0.000000000   2.0     325
    156  0.500000000  0.250000000  0.083333333   4.0     326
    157  0.500000000  0.250000000  0.166666667   4.0     327
    158  0.500000000  0.250000000  0.250000000   4.0     328
    159  0.500000000  0.250000000  0.333333333   4.0     329
    160  0.500000000  0.250000000  0.416666667   4.0     330
    161  0.500000000  0.250000000  0.500000000   2.0     331
    162  0.500000000  0.333333333  0.000000000   2.0     337
    163  0.500000000  0.333333333  0.083333333   4.0     338
    164  0.500000000  0.333333333  0.166666667   4.0     339
    165  0.500000000  0.333333333  0.250000000   4.0     340
    166  0.500000000  0.333333333  0.333333333   4.0     341
    167  0.500000000  0.333333333  0.416666667   4.0     342
    168  0.500000000  0.333333333  0.500000000   2.0     343
    169  0.500000000  0.416666667  0.000000000   2.0     349
    170  0.500000000  0.416666667  0.083333333   4.0     350
    171  0.500000000  0.416666667  0.166666667   4.0     351
    172  0.500000000  0.416666667  0.250000000   4.0     352
    173  0.500000000  0.416666667  0.333333333   4.0     353
    174  0.500000000  0.416666667  0.416666667   4.0     354
    175  0.500000000  0.416666667  0.500000000   2.0     355
    176  0.500000000  0.500000000  0.000000000   1.0     361
    177  0.500000000  0.500000000  0.083333333   2.0     362
    178  0.500000000  0.500000000  0.166666667   2.0     363
    179  0.500000000  0.500000000  0.250000000   2.0     364
    180  0.500000000  0.500000000  0.333333333   2.0     365
    181  0.500000000  0.500000000  0.416666667   2.0     366
    182  0.500000000  0.500000000  0.500000000   1.0     367

